{"/Users/Vatspratapsingh/Desktop/projects/AWS_Projects/devstream/backend/app.js": {"path":"/Users/Vatspratapsingh/Desktop/projects/AWS_Projects/devstream/backend/app.js","statementMap":{"0":{"start":{"line":1,"column":16},"end":{"line":1,"column":34}},"1":{"start":{"line":2,"column":13},"end":{"line":2,"column":28}},"2":{"start":{"line":3,"column":20},"end":{"line":3,"column":45}},"3":{"start":{"line":5,"column":12},"end":{"line":5,"column":21}},"4":{"start":{"line":6,"column":0},"end":{"line":6,"column":16}},"5":{"start":{"line":7,"column":0},"end":{"line":7,"column":24}},"6":{"start":{"line":9,"column":0},"end":{"line":9,"column":35}},"7":{"start":{"line":11,"column":0},"end":{"line":13,"column":3}},"8":{"start":{"line":12,"column":2},"end":{"line":12,"column":32}},"9":{"start":{"line":15,"column":0},"end":{"line":15,"column":21}}},"fnMap":{"0":{"name":"(anonymous_0)","decl":{"start":{"line":11,"column":19},"end":{"line":11,"column":20}},"loc":{"start":{"line":11,"column":33},"end":{"line":13,"column":1}},"line":11}},"branchMap":{},"s":{"0":1,"1":1,"2":1,"3":1,"4":1,"5":1,"6":1,"7":1,"8":0,"9":1},"f":{"0":0},"b":{},"_coverageSchema":"1a1c01bbd47fc00a2c39e90264f33305004495a9","hash":"691f9961870e72b353a022cc185718e92b37ccda"}
,"/Users/Vatspratapsingh/Desktop/projects/AWS_Projects/devstream/backend/routes/notes.js": {"path":"/Users/Vatspratapsingh/Desktop/projects/AWS_Projects/devstream/backend/routes/notes.js","statementMap":{"0":{"start":{"line":1,"column":16},"end":{"line":1,"column":34}},"1":{"start":{"line":2,"column":15},"end":{"line":2,"column":31}},"2":{"start":{"line":4,"column":12},"end":{"line":10,"column":1}},"3":{"start":{"line":13,"column":0},"end":{"line":15,"column":3}},"4":{"start":{"line":14,"column":2},"end":{"line":14,"column":18}},"5":{"start":{"line":18,"column":0},"end":{"line":26,"column":3}},"6":{"start":{"line":19,"column":17},"end":{"line":19,"column":30}},"7":{"start":{"line":20,"column":15},"end":{"line":20,"column":47}},"8":{"start":{"line":20,"column":31},"end":{"line":20,"column":46}},"9":{"start":{"line":21,"column":2},"end":{"line":25,"column":3}},"10":{"start":{"line":22,"column":4},"end":{"line":22,"column":19}},"11":{"start":{"line":24,"column":4},"end":{"line":24,"column":54}},"12":{"start":{"line":29,"column":0},"end":{"line":38,"column":3}},"13":{"start":{"line":30,"column":29},"end":{"line":30,"column":37}},"14":{"start":{"line":31,"column":18},"end":{"line":35,"column":3}},"15":{"start":{"line":36,"column":2},"end":{"line":36,"column":22}},"16":{"start":{"line":37,"column":2},"end":{"line":37,"column":32}},"17":{"start":{"line":41,"column":0},"end":{"line":50,"column":3}},"18":{"start":{"line":42,"column":17},"end":{"line":42,"column":30}},"19":{"start":{"line":43,"column":16},"end":{"line":43,"column":53}},"20":{"start":{"line":43,"column":37},"end":{"line":43,"column":52}},"21":{"start":{"line":44,"column":2},"end":{"line":49,"column":3}},"22":{"start":{"line":45,"column":4},"end":{"line":45,"column":52}},"23":{"start":{"line":46,"column":4},"end":{"line":46,"column":27}},"24":{"start":{"line":48,"column":4},"end":{"line":48,"column":54}},"25":{"start":{"line":53,"column":0},"end":{"line":62,"column":3}},"26":{"start":{"line":54,"column":17},"end":{"line":54,"column":30}},"27":{"start":{"line":55,"column":16},"end":{"line":55,"column":53}},"28":{"start":{"line":55,"column":37},"end":{"line":55,"column":52}},"29":{"start":{"line":56,"column":2},"end":{"line":61,"column":3}},"30":{"start":{"line":57,"column":20},"end":{"line":57,"column":42}},"31":{"start":{"line":58,"column":4},"end":{"line":58,"column":60}},"32":{"start":{"line":60,"column":4},"end":{"line":60,"column":54}},"33":{"start":{"line":64,"column":0},"end":{"line":64,"column":24}}},"fnMap":{"0":{"name":"(anonymous_0)","decl":{"start":{"line":13,"column":16},"end":{"line":13,"column":17}},"loc":{"start":{"line":13,"column":30},"end":{"line":15,"column":1}},"line":13},"1":{"name":"(anonymous_1)","decl":{"start":{"line":18,"column":19},"end":{"line":18,"column":20}},"loc":{"start":{"line":18,"column":33},"end":{"line":26,"column":1}},"line":18},"2":{"name":"(anonymous_2)","decl":{"start":{"line":20,"column":26},"end":{"line":20,"column":27}},"loc":{"start":{"line":20,"column":31},"end":{"line":20,"column":46}},"line":20},"3":{"name":"(anonymous_3)","decl":{"start":{"line":29,"column":17},"end":{"line":29,"column":18}},"loc":{"start":{"line":29,"column":31},"end":{"line":38,"column":1}},"line":29},"4":{"name":"(anonymous_4)","decl":{"start":{"line":41,"column":19},"end":{"line":41,"column":20}},"loc":{"start":{"line":41,"column":33},"end":{"line":50,"column":1}},"line":41},"5":{"name":"(anonymous_5)","decl":{"start":{"line":43,"column":32},"end":{"line":43,"column":33}},"loc":{"start":{"line":43,"column":37},"end":{"line":43,"column":52}},"line":43},"6":{"name":"(anonymous_6)","decl":{"start":{"line":53,"column":22},"end":{"line":53,"column":23}},"loc":{"start":{"line":53,"column":36},"end":{"line":62,"column":1}},"line":53},"7":{"name":"(anonymous_7)","decl":{"start":{"line":55,"column":32},"end":{"line":55,"column":33}},"loc":{"start":{"line":55,"column":37},"end":{"line":55,"column":52}},"line":55}},"branchMap":{"0":{"loc":{"start":{"line":21,"column":2},"end":{"line":25,"column":3}},"type":"if","locations":[{"start":{"line":21,"column":2},"end":{"line":25,"column":3}},{"start":{"line":23,"column":9},"end":{"line":25,"column":3}}],"line":21},"1":{"loc":{"start":{"line":44,"column":2},"end":{"line":49,"column":3}},"type":"if","locations":[{"start":{"line":44,"column":2},"end":{"line":49,"column":3}},{"start":{"line":47,"column":9},"end":{"line":49,"column":3}}],"line":44},"2":{"loc":{"start":{"line":56,"column":2},"end":{"line":61,"column":3}},"type":"if","locations":[{"start":{"line":56,"column":2},"end":{"line":61,"column":3}},{"start":{"line":59,"column":9},"end":{"line":61,"column":3}}],"line":56}},"s":{"0":1,"1":1,"2":1,"3":1,"4":0,"5":1,"6":3,"7":3,"8":9,"9":3,"10":1,"11":2,"12":1,"13":4,"14":4,"15":4,"16":4,"17":1,"18":2,"19":2,"20":8,"21":2,"22":1,"23":1,"24":1,"25":1,"26":2,"27":2,"28":7,"29":2,"30":1,"31":1,"32":1,"33":1},"f":{"0":0,"1":3,"2":9,"3":4,"4":2,"5":8,"6":2,"7":7},"b":{"0":[1,2],"1":[1,1],"2":[1,1]},"_coverageSchema":"1a1c01bbd47fc00a2c39e90264f33305004495a9","hash":"0f73ffeed04d3652f15a779725b604597e711c91"}
}
