TN:
SF:.eslintrc.js
FNF:0
FNH:0
DA:1,0
LF:1
LH:0
BRF:0
BRH:0
end_of_record
TN:
SF:app.js
FN:44,(anonymous_0)
FN:53,(anonymous_1)
FN:69,(anonymous_2)
FNF:3
FNH:3
FNDA:17,(anonymous_0)
FNDA:1,(anonymous_1)
FNDA:1,(anonymous_2)
DA:1,1
DA:2,1
DA:3,1
DA:4,1
DA:5,1
DA:8,1
DA:9,1
DA:10,1
DA:11,1
DA:14,1
DA:16,1
DA:17,1
DA:20,1
DA:21,1
DA:25,1
DA:26,0
DA:30,1
DA:33,1
DA:34,1
DA:37,1
DA:40,1
DA:41,1
DA:44,1
DA:45,17
DA:46,17
DA:50,1
DA:53,1
DA:54,1
DA:64,1
DA:65,1
DA:69,1
DA:70,1
DA:89,1
DA:90,1
DA:94,1
DA:97,1
DA:99,1
LF:37
LH:36
BRDA:20,0,0,1
BRDA:20,0,1,0
BRDA:25,1,0,0
BRDA:25,1,1,1
BRDA:58,2,0,1
BRDA:58,2,1,0
BRDA:59,3,0,1
BRDA:59,3,1,0
BRF:8
BRH:4
end_of_record
TN:
SF:config/app.js
FN:52,(anonymous_0)
FNF:1
FNH:1
FNDA:1,(anonymous_0)
DA:1,1
DA:52,1
DA:53,1
DA:54,1
DA:57,1
LF:5
LH:5
BRDA:35,0,0,1
BRDA:35,0,1,1
BRDA:36,1,0,1
BRDA:36,1,1,1
BRDA:38,2,0,0
BRDA:38,2,1,1
BRDA:43,3,0,1
BRDA:43,3,1,1
BRDA:53,4,0,1
BRDA:53,4,1,0
BRDA:54,5,0,1
BRDA:54,5,1,0
BRF:12
BRH:9
end_of_record
TN:
SF:config/database.js
FN:22,(anonymous_0)
FNF:1
FNH:0
FNDA:0,(anonymous_0)
DA:1,0
DA:22,0
DA:23,0
DA:24,0
DA:27,0
LF:5
LH:0
BRDA:16,0,0,0
BRDA:16,0,1,0
BRDA:17,1,0,0
BRDA:17,1,1,0
BRDA:18,2,0,0
BRDA:18,2,1,0
BRDA:23,3,0,0
BRDA:23,3,1,0
BRDA:24,4,0,0
BRDA:24,4,1,0
BRF:10
BRH:0
end_of_record
TN:
SF:middleware/auth.js
FN:16,(anonymous_0)
FN:34,(anonymous_1)
FN:47,(anonymous_2)
FN:48,(anonymous_3)
FN:62,(anonymous_4)
FN:72,(anonymous_5)
FNF:6
FNH:0
FNDA:0,(anonymous_0)
FNDA:0,(anonymous_1)
FNDA:0,(anonymous_2)
FNDA:0,(anonymous_3)
FNDA:0,(anonymous_4)
FNDA:0,(anonymous_5)
DA:1,0
DA:2,0
DA:3,0
DA:6,0
DA:16,0
DA:20,0
DA:21,0
DA:25,0
DA:26,0
DA:29,0
DA:31,0
DA:34,0
DA:35,0
DA:36,0
DA:39,0
DA:40,0
DA:42,0
DA:47,0
DA:48,0
DA:49,0
DA:50,0
DA:53,0
DA:54,0
DA:57,0
DA:62,0
DA:65,0
DA:66,0
DA:69,0
DA:70,0
DA:71,0
DA:72,0
DA:73,0
DA:74,0
DA:81,0
DA:84,0
LF:35
LH:0
BRDA:20,0,0,0
BRDA:20,0,1,0
BRDA:20,1,0,0
BRDA:20,1,1,0
BRDA:25,2,0,0
BRDA:25,2,1,0
BRDA:31,3,0,0
BRDA:31,3,1,0
BRDA:35,4,0,0
BRDA:35,4,1,0
BRDA:49,5,0,0
BRDA:49,5,1,0
BRDA:53,6,0,0
BRDA:53,6,1,0
BRDA:65,7,0,0
BRDA:65,7,1,0
BRDA:65,8,0,0
BRDA:65,8,1,0
BRDA:69,9,0,0
BRDA:69,9,1,0
BRDA:71,10,0,0
BRDA:71,10,1,0
BRDA:73,11,0,0
BRDA:73,11,1,0
BRF:24
BRH:0
end_of_record
TN:
SF:middleware/errorHandler.js
FN:5,(anonymous_0)
FN:16,(anonymous_1)
FN:44,(anonymous_2)
FN:85,(anonymous_3)
FN:91,(anonymous_4)
FN:92,(anonymous_5)
FNF:6
FNH:2
FNDA:0,(anonymous_0)
FNDA:0,(anonymous_1)
FNDA:0,(anonymous_2)
FNDA:0,(anonymous_3)
FNDA:5,(anonymous_4)
FNDA:11,(anonymous_5)
DA:1,1
DA:6,0
DA:7,0
DA:8,0
DA:9,0
DA:11,0
DA:16,1
DA:17,0
DA:18,0
DA:21,0
DA:31,0
DA:32,0
DA:33,0
DA:37,0
DA:38,0
DA:39,0
DA:43,0
DA:44,0
DA:45,0
DA:49,0
DA:50,0
DA:51,0
DA:54,0
DA:55,0
DA:56,0
DA:60,0
DA:61,0
DA:64,0
DA:65,0
DA:75,0
DA:85,1
DA:86,0
DA:87,0
DA:91,1
DA:92,5
DA:93,11
DA:97,1
LF:37
LH:7
BRDA:5,0,0,0
BRDA:9,1,0,0
BRDA:9,1,1,0
BRDA:31,2,0,0
BRDA:31,2,1,0
BRDA:37,3,0,0
BRDA:37,3,1,0
BRDA:43,4,0,0
BRDA:43,4,1,0
BRDA:49,5,0,0
BRDA:49,5,1,0
BRDA:54,6,0,0
BRDA:54,6,1,0
BRDA:60,7,0,0
BRDA:60,7,1,0
BRDA:61,8,0,0
BRDA:61,8,1,0
BRDA:64,9,0,0
BRDA:64,9,1,0
BRDA:78,10,0,0
BRDA:78,10,1,0
BRF:21
BRH:0
end_of_record
TN:
SF:middleware/validation.js
FN:19,(anonymous_0)
FN:36,(anonymous_1)
FN:62,(anonymous_2)
FN:79,(anonymous_3)
FN:117,(anonymous_4)
FN:123,(anonymous_5)
FNF:6
FNH:4
FNDA:0,(anonymous_0)
FNDA:3,(anonymous_1)
FNDA:0,(anonymous_2)
FNDA:5,(anonymous_3)
FNDA:15,(anonymous_4)
FNDA:4,(anonymous_5)
DA:1,1
DA:4,1
DA:20,0
DA:21,0
DA:23,0
DA:32,1
DA:38,3
DA:39,3
DA:41,3
DA:42,0
DA:44,3
DA:63,0
DA:64,0
DA:66,0
DA:75,1
DA:81,5
DA:82,5
DA:84,5
DA:85,0
DA:87,5
DA:92,1
DA:117,1
DA:118,15
DA:119,15
DA:120,4
DA:123,4
DA:130,11
DA:133,1
LF:28
LH:20
BRDA:20,0,0,0
BRDA:20,0,1,0
BRDA:20,1,0,0
BRDA:20,1,1,0
BRDA:41,2,0,0
BRDA:41,2,1,3
BRDA:41,3,0,3
BRDA:41,3,1,1
BRDA:63,4,0,0
BRDA:63,4,1,0
BRDA:63,5,0,0
BRDA:63,5,1,0
BRDA:84,6,0,0
BRDA:84,6,1,5
BRDA:84,7,0,5
BRDA:84,7,1,3
BRDA:119,8,0,4
BRDA:119,8,1,11
BRF:18
BRH:8
end_of_record
TN:
SF:routes/notes.js
FN:41,(anonymous_0)
FN:67,(anonymous_1)
FN:69,(anonymous_2)
FN:85,(anonymous_3)
FN:110,(anonymous_4)
FN:113,(anonymous_5)
FN:140,(anonymous_6)
FN:142,(anonymous_7)
FNF:8
FNH:8
FNDA:3,(anonymous_0)
FNDA:3,(anonymous_1)
FNDA:3,(anonymous_2)
FNDA:1,(anonymous_3)
FNDA:2,(anonymous_4)
FNDA:4,(anonymous_5)
FNDA:2,(anonymous_6)
FNDA:3,(anonymous_7)
DA:1,1
DA:2,1
DA:3,1
DA:12,1
DA:14,1
DA:20,1
DA:21,1
DA:22,1
DA:25,1
DA:38,1
DA:42,3
DA:44,3
DA:47,3
DA:48,1
DA:52,3
DA:55,3
DA:57,3
DA:59,3
DA:64,1
DA:68,3
DA:69,3
DA:71,3
DA:72,2
DA:73,2
DA:76,1
DA:77,1
DA:82,1
DA:86,1
DA:87,1
DA:89,1
DA:99,1
DA:101,1
DA:102,1
DA:107,1
DA:111,2
DA:112,2
DA:113,4
DA:115,2
DA:116,1
DA:117,1
DA:120,1
DA:129,1
DA:131,1
DA:132,1
DA:137,1
DA:141,2
DA:142,3
DA:144,2
DA:145,1
DA:146,1
DA:149,1
DA:151,1
DA:152,1
DA:156,1
LF:54
LH:54
BRDA:42,0,0,2
BRDA:42,1,0,2
BRDA:42,2,0,3
BRDA:42,3,0,3
BRDA:47,4,0,1
BRDA:47,4,1,2
BRDA:71,5,0,2
BRDA:71,5,1,1
BRDA:86,6,0,1
BRDA:86,7,0,1
BRDA:93,8,0,1
BRDA:93,8,1,0
BRDA:115,9,0,1
BRDA:115,9,1,1
BRDA:122,10,0,1
BRDA:122,10,1,1
BRDA:123,11,0,1
BRDA:123,11,1,1
BRDA:124,12,0,1
BRDA:124,12,1,0
BRDA:124,13,0,0
BRDA:124,13,1,0
BRDA:125,14,0,1
BRDA:125,14,1,0
BRDA:144,15,0,1
BRDA:144,15,1,1
BRF:26
BRH:21
end_of_record
TN:
SF:utils/helpers.js
FN:4,(anonymous_0)
FN:9,(anonymous_1)
FN:14,(anonymous_2)
FN:20,(anonymous_3)
FN:23,(anonymous_4)
FN:36,(anonymous_5)
FN:56,(anonymous_6)
FN:61,(anonymous_7)
FN:62,(anonymous_8)
FN:71,(anonymous_9)
FN:81,(anonymous_10)
FN:82,(anonymous_11)
FN:107,(anonymous_12)
FN:108,(anonymous_13)
FN:109,(anonymous_14)
FN:146,(anonymous_15)
FN:152,(anonymous_16)
FN:162,(anonymous_17)
FN:182,(anonymous_18)
FNF:19
FNH:5
FNDA:0,(anonymous_0)
FNDA:0,(anonymous_1)
FNDA:0,(anonymous_2)
FNDA:0,(anonymous_3)
FNDA:0,(anonymous_4)
FNDA:3,(anonymous_5)
FNDA:1,(anonymous_6)
FNDA:1,(anonymous_7)
FNDA:1,(anonymous_8)
FNDA:0,(anonymous_9)
FNDA:3,(anonymous_10)
FNDA:0,(anonymous_11)
FNDA:0,(anonymous_12)
FNDA:0,(anonymous_13)
FNDA:0,(anonymous_14)
FNDA:0,(anonymous_15)
FNDA:0,(anonymous_16)
FNDA:0,(anonymous_17)
FNDA:0,(anonymous_18)
DA:1,1
DA:4,1
DA:5,0
DA:9,1
DA:10,0
DA:14,1
DA:15,0
DA:16,0
DA:20,1
DA:21,0
DA:22,0
DA:23,0
DA:24,0
DA:25,0
DA:26,0
DA:27,0
DA:28,0
DA:31,0
DA:36,1
DA:37,3
DA:38,3
DA:40,3
DA:42,3
DA:56,1
DA:57,1
DA:59,1
DA:61,1
DA:62,1
DA:63,1
DA:64,1
DA:65,1
DA:67,0
DA:68,0
DA:70,0
DA:71,0
DA:72,0
DA:75,0
DA:81,1
DA:82,3
DA:83,0
DA:84,0
DA:87,0
DA:88,0
DA:89,0
DA:93,0
DA:94,0
DA:95,0
DA:98,0
DA:99,0
DA:101,0
DA:107,1
DA:108,0
DA:109,0
DA:110,0
DA:111,0
DA:113,0
DA:115,0
DA:116,0
DA:119,0
DA:120,0
DA:122,0
DA:124,0
DA:126,0
DA:128,0
DA:130,0
DA:132,0
DA:134,0
DA:136,0
DA:140,0
DA:146,1
DA:147,0
DA:148,0
DA:152,1
DA:153,0
DA:154,0
DA:155,0
DA:157,0
DA:162,1
DA:163,0
DA:165,0
DA:166,0
DA:167,0
DA:168,0
DA:169,0
DA:170,0
DA:172,0
DA:182,1
DA:183,0
DA:185,0
DA:186,0
DA:187,0
DA:188,0
DA:190,0
DA:191,0
DA:192,0
DA:193,0
DA:196,1
LF:97
LH:26
BRDA:4,0,0,0
BRDA:15,1,0,0
BRDA:15,1,1,0
BRDA:21,2,0,0
BRDA:21,2,1,0
BRDA:21,3,0,0
BRDA:21,3,1,0
BRDA:22,4,0,0
BRDA:22,4,1,0
BRDA:23,5,0,0
BRDA:23,5,1,0
BRDA:24,6,0,0
BRDA:24,6,1,0
BRDA:27,7,0,0
BRDA:27,7,1,0
BRDA:36,8,0,0
BRDA:36,9,0,0
BRDA:56,10,0,0
BRDA:57,11,0,0
BRDA:57,11,1,1
BRDA:64,12,0,1
BRDA:64,12,1,0
BRDA:67,13,0,0
BRDA:67,13,1,0
BRDA:70,14,0,0
BRDA:70,14,1,0
BRDA:72,15,0,0
BRDA:72,15,1,0
BRDA:81,16,0,0
BRDA:81,17,0,0
BRDA:87,18,0,0
BRDA:87,18,1,0
BRDA:87,19,0,0
BRDA:87,19,1,0
BRDA:93,20,0,0
BRDA:93,20,1,0
BRDA:93,21,0,0
BRDA:93,21,1,0
BRDA:98,22,0,0
BRDA:98,22,1,0
BRDA:99,23,0,0
BRDA:99,23,1,0
BRDA:101,24,0,0
BRDA:101,24,1,0
BRDA:107,25,0,0
BRDA:113,26,0,0
BRDA:113,26,1,0
BRDA:113,27,0,0
BRDA:113,27,1,0
BRDA:115,28,0,0
BRDA:115,28,1,0
BRDA:119,29,0,0
BRDA:119,29,1,0
BRDA:119,30,0,0
BRDA:119,30,1,0
BRDA:120,31,0,0
BRDA:120,31,1,0
BRDA:120,31,2,0
BRDA:120,31,3,0
BRDA:120,31,4,0
BRDA:120,31,5,0
BRDA:120,31,6,0
BRDA:120,31,7,0
BRDA:162,32,0,0
BRDA:182,33,0,0
BRDA:190,34,0,0
BRDA:190,34,1,0
BRDA:190,35,0,0
BRDA:190,35,1,0
BRDA:191,36,0,0
BRDA:191,36,1,0
BRDA:191,37,0,0
BRDA:191,37,1,0
BRDA:192,38,0,0
BRDA:192,38,1,0
BRDA:192,39,0,0
BRDA:192,39,1,0
BRDA:193,40,0,0
BRDA:193,40,1,0
BRF:79
BRH:2
end_of_record
TN:
SF:utils/logger.js
FN:26,(anonymous_0)
FN:37,(anonymous_1)
FN:68,(anonymous_2)
FNF:3
FNH:3
FNDA:1,(anonymous_0)
FNDA:47,(anonymous_1)
FNDA:17,(anonymous_2)
DA:1,1
DA:2,1
DA:5,1
DA:14,1
DA:23,1
DA:26,1
DA:27,1
DA:28,1
DA:29,1
DA:33,1
DA:37,47
DA:42,1
DA:59,1
DA:67,1
DA:68,17
DA:71,1
LF:16
LH:16
BRDA:27,0,0,1
BRDA:27,0,1,0
BRDA:29,1,0,0
BRDA:29,1,1,1
BRF:4
BRH:2
end_of_record
TN:
SF:utils/response.js
FN:2,(anonymous_0)
FN:12,(anonymous_1)
FN:27,(anonymous_2)
FN:51,(anonymous_3)
FN:56,(anonymous_4)
FN:61,(anonymous_5)
FN:66,(anonymous_6)
FN:71,(anonymous_7)
FN:76,(anonymous_8)
FN:81,(anonymous_9)
FN:86,(anonymous_10)
FN:91,(anonymous_11)
FNF:12
FNH:5
FNDA:6,(anonymous_0)
FNDA:4,(anonymous_1)
FNDA:3,(anonymous_2)
FNDA:1,(anonymous_3)
FNDA:0,(anonymous_4)
FNDA:0,(anonymous_5)
FNDA:0,(anonymous_6)
FNDA:0,(anonymous_7)
FNDA:4,(anonymous_8)
FNDA:0,(anonymous_9)
FNDA:0,(anonymous_10)
FNDA:0,(anonymous_11)
DA:2,1
DA:3,6
DA:12,1
DA:13,4
DA:19,4
DA:20,0
DA:23,4
DA:27,1
DA:28,3
DA:29,3
DA:30,3
DA:32,3
DA:51,1
DA:52,1
DA:56,1
DA:57,0
DA:61,1
DA:62,0
DA:66,1
DA:67,0
DA:71,1
DA:72,0
DA:76,1
DA:77,4
DA:81,1
DA:82,0
DA:86,1
DA:87,0
DA:91,1
DA:92,0
DA:95,1
LF:31
LH:23
BRDA:2,0,0,0
BRDA:2,1,0,5
BRDA:12,2,0,0
BRDA:12,3,0,0
BRDA:12,4,0,4
BRDA:19,5,0,0
BRDA:19,5,1,4
BRDA:27,6,0,0
BRDA:43,7,0,0
BRDA:43,7,1,3
BRDA:44,8,0,0
BRDA:44,8,1,3
BRDA:51,9,0,0
BRDA:61,10,0,0
BRDA:61,11,0,0
BRDA:66,12,0,0
BRDA:71,13,0,0
BRDA:76,14,0,0
BRDA:81,15,0,0
BRDA:86,16,0,0
BRDA:86,17,0,0
BRDA:91,18,0,0
BRF:22
BRH:5
end_of_record
