TN:
SF:app.js
FN:11,(anonymous_0)
FNF:1
FNH:0
FNDA:0,(anonymous_0)
DA:1,1
DA:2,1
DA:3,1
DA:5,1
DA:6,1
DA:7,1
DA:9,1
DA:11,1
DA:12,0
DA:15,1
LF:10
LH:9
BRF:0
BRH:0
end_of_record
TN:
SF:routes/notes.js
FN:13,(anonymous_0)
FN:18,(anonymous_1)
FN:20,(anonymous_2)
FN:29,(anonymous_3)
FN:41,(anonymous_4)
FN:43,(anonymous_5)
FN:53,(anonymous_6)
FN:55,(anonymous_7)
FNF:8
FNH:7
FNDA:0,(anonymous_0)
FNDA:3,(anonymous_1)
FNDA:9,(anonymous_2)
FNDA:4,(anonymous_3)
FNDA:2,(anonymous_4)
FNDA:8,(anonymous_5)
FNDA:2,(anonymous_6)
FNDA:7,(anonymous_7)
DA:1,1
DA:2,1
DA:4,1
DA:13,1
DA:14,0
DA:18,1
DA:19,3
DA:20,9
DA:21,3
DA:22,1
DA:24,2
DA:29,1
DA:30,4
DA:31,4
DA:36,4
DA:37,4
DA:41,1
DA:42,2
DA:43,8
DA:44,2
DA:45,1
DA:46,1
DA:48,1
DA:53,1
DA:54,2
DA:55,7
DA:56,2
DA:57,1
DA:58,1
DA:60,1
DA:64,1
LF:31
LH:30
BRDA:21,0,0,1
BRDA:21,0,1,2
BRDA:44,1,0,1
BRDA:44,1,1,1
BRDA:56,2,0,1
BRDA:56,2,1,1
BRF:6
BRH:6
end_of_record
